<?xml version="1.0" encoding="UTF-8"?>
<!-- Generated by org.testng.reporters.JUnitReportReporter -->
<testsuite hostname="NanduNikki" failures="0" tests="1" name="testScripts.CreateNewOrgWithTypeAnsIndustryTest" time="15.694" errors="0" timestamp="2024-03-06T13:05:29 IST" skipped="0">
  <testcase classname="testScripts.CreateNewOrgWithTypeAnsIndustryTest" name="createNewOrgWithTypeAndIndustryTest" time="15.694"/>
  <system-out/>
</testsuite> <!-- testScripts.CreateNewOrgWithTypeAnsIndustryTest -->
