<?xml version="1.0" encoding="UTF-8"?>
<!-- Generated by org.testng.reporters.JUnitReportReporter -->
<testsuite hostname="NanduNikki" failures="0" tests="1" name="testScripts.CreateOrgTest" time="13.426" errors="0" timestamp="2024-03-06T13:02:17 IST" skipped="0">
  <testcase classname="testScripts.CreateOrgTest" name="createNewOrgTest" time="13.426"/>
  <system-out/>
</testsuite> <!-- testScripts.CreateOrgTest -->
