<?xml version="1.0" encoding="UTF-8"?>
<!-- Generated by org.testng.reporters.JUnitReportReporter -->
<testsuite hostname="NanduNikki" failures="0" tests="1" name="testScripts.CreateAndDeleteLeadTest" time="32.099" errors="0" timestamp="2024-03-07T13:26:31 IST" skipped="0">
  <testcase classname="testScripts.CreateAndDeleteLeadTest" name="createAndDeleteLeadTest" time="32.099"/>
  <system-out/>
</testsuite> <!-- testScripts.CreateAndDeleteLeadTest -->
