<?xml version="1.0" encoding="UTF-8"?>
<!-- Generated by org.testng.reporters.JUnitReportReporter -->
<testsuite hostname="NanduNikki" failures="0" tests="1" name="pomPages.CreateNewOrgWithTypeAndIndustryTest" time="12.100" errors="0" timestamp="2024-03-02T12:56:38 IST" skipped="0">
  <testcase classname="pomPages.CreateNewOrgWithTypeAndIndustryTest" name="createNewOrgWithTypeAndIndustryTest" time="12.100"/>
  <system-out/>
</testsuite> <!-- pomPages.CreateNewOrgWithTypeAndIndustryTest -->
