<?xml version="1.0" encoding="UTF-8"?>
<!-- Generated by org.testng.reporters.JUnitReportReporter -->
<testsuite hostname="NanduNikki" failures="0" tests="1" name="testScripts.DuplicateLeadTest" time="23.853" errors="0" timestamp="2024-03-06T14:07:01 IST" skipped="0">
  <testcase classname="testScripts.DuplicateLeadTest" name="duplicateLeadTest" time="23.853"/>
  <system-out/>
</testsuite> <!-- testScripts.DuplicateLeadTest -->
