<?xml version="1.0" encoding="UTF-8"?>
<!-- Generated by org.testng.reporters.JUnitReportReporter -->
<testsuite hostname="NanduNikki" failures="0" tests="1" name="testScripts.CreateContactTest" time="17.921" errors="0" timestamp="2024-03-06T13:21:15 IST" skipped="0">
  <testcase classname="testScripts.CreateContactTest" name="createNewContactTest" time="17.921"/>
  <system-out/>
</testsuite> <!-- testScripts.CreateContactTest -->
