<?xml version="1.0" encoding="UTF-8"?>
<!-- Generated by org.testng.reporters.JUnitReportReporter -->
<testsuite hostname="NanduNikki" failures="0" tests="1" name="testScripts.CreateLeadTest" time="17.472" errors="0" timestamp="2024-03-06T13:28:03 IST" skipped="0">
  <testcase classname="testScripts.CreateLeadTest" name="createNewLeadTest" time="17.472"/>
  <system-out/>
</testsuite> <!-- testScripts.CreateLeadTest -->
