<?xml version="1.0" encoding="UTF-8"?>
<!-- Generated by org.testng.reporters.JUnitReportReporter -->
<testsuite hostname="NanduNikki" failures="0" tests="1" name="testScripts.CreateContactWithExistingOrgTest" time="18.488" errors="0" timestamp="2024-03-06T13:22:36 IST" skipped="0">
  <testcase classname="testScripts.CreateContactWithExistingOrgTest" name="createNewContactWithExistingOrgTest" time="18.488"/>
  <system-out/>
</testsuite> <!-- testScripts.CreateContactWithExistingOrgTest -->
