<?xml version="1.0" encoding="UTF-8"?>
<!-- Generated by org.testng.reporters.JUnitReportReporter -->
<testsuite hostname="NanduNikki" failures="0" tests="1" name="testScripts.CreateNewEvent_Datepicker" time="18.844" errors="0" timestamp="2024-04-01T13:44:02 IST" skipped="0">
  <testcase classname="testScripts.CreateNewEvent_Datepicker" name="createEventTest" time="18.844"/>
  <system-out/>
</testsuite> <!-- testScripts.CreateNewEvent_Datepicker -->
