<?xml version="1.0" encoding="UTF-8"?>
<!-- Generated by org.testng.reporters.JUnitReportReporter -->
<testsuite hostname="NanduNikki" failures="0" tests="1" name="selenium_Grid.PracticeTest" time="9.449" errors="0" timestamp="2024-03-19T14:25:36 IST" skipped="0">
  <testcase classname="selenium_Grid.PracticeTest" name="demoTest" time="9.449"/>
  <system-out/>
</testsuite> <!-- selenium_Grid.PracticeTest -->
