<?xml version="1.0" encoding="UTF-8"?>
<!-- Generated by org.testng.reporters.JUnitReportReporter -->
<testsuite hostname="NanduNikki" failures="0" tests="1" name="testScripts.CreateEventTest" time="24.218" errors="0" timestamp="2024-03-05T14:12:41 IST" skipped="0">
  <testcase classname="testScripts.CreateEventTest" name="createNewContactTest" time="24.218"/>
  <system-out/>
</testsuite> <!-- testScripts.CreateEventTest -->
